<?xml version="1.0" encoding="UTF-8"?>
<testng-results skipped="0" failed="0" ignored="0" total="3" passed="3">
  <reporter-output>
  </reporter-output>
  <suite name="Default suite" duration-ms="7478" started-at="2019-10-09T11:08:15Z" finished-at="2019-10-09T11:08:23Z">
    <groups>
    </groups>
    <test name="Default test" duration-ms="7478" started-at="2019-10-09T11:08:15Z" finished-at="2019-10-09T11:08:23Z">
      <class name="second">
        <test-method status="PASS" signature="getData()[pri:0, instance:second@65e2dbf3]" name="getData" is-config="true" duration-ms="16" started-at="2019-10-09T16:38:15Z" finished-at="2019-10-09T16:38:15Z">
          <reporter-output>
          </reporter-output>
        </test-method> <!-- getData -->
        <test-method status="PASS" signature="APITest1(java.lang.String, java.lang.String)[pri:0, instance:second@65e2dbf3]" name="APITest1" duration-ms="5222" started-at="2019-10-09T16:38:16Z" data-provider="NameData" finished-at="2019-10-09T16:38:21Z">
          <params>
            <param index="0">
              <value>
                <![CDATA[test1]]>
              </value>
            </param>
            <param index="1">
              <value>
                <![CDATA[test2]]>
              </value>
            </param>
          </params>
          <reporter-output>
          </reporter-output>
        </test-method> <!-- APITest1 -->
        <test-method status="PASS" signature="APITest1(java.lang.String, java.lang.String)[pri:0, instance:second@65e2dbf3]" name="APITest1" duration-ms="1096" started-at="2019-10-09T16:38:21Z" data-provider="NameData" finished-at="2019-10-09T16:38:22Z">
          <params>
            <param index="0">
              <value>
                <![CDATA[test3]]>
              </value>
            </param>
            <param index="1">
              <value>
                <![CDATA[test4]]>
              </value>
            </param>
          </params>
          <reporter-output>
          </reporter-output>
        </test-method> <!-- APITest1 -->
        <test-method status="PASS" signature="APITest1(java.lang.String, java.lang.String)[pri:0, instance:second@65e2dbf3]" name="APITest1" duration-ms="1080" started-at="2019-10-09T16:38:22Z" data-provider="NameData" finished-at="2019-10-09T16:38:23Z">
          <params>
            <param index="0">
              <value>
                <![CDATA[test5]]>
              </value>
            </param>
            <param index="1">
              <value>
                <![CDATA[test6]]>
              </value>
            </param>
          </params>
          <reporter-output>
          </reporter-output>
        </test-method> <!-- APITest1 -->
      </class> <!-- second -->
    </test> <!-- Default test -->
  </suite> <!-- Default suite -->
</testng-results>
