<?xml version="1.0" encoding="UTF-8"?>
<testng-results skipped="0" failed="0" ignored="0" total="1" passed="1">
  <reporter-output>
  </reporter-output>
  <suite name="Default suite" duration-ms="6304" started-at="2019-09-20T05:06:05Z" finished-at="2019-09-20T05:06:12Z">
    <groups>
    </groups>
    <test name="Default test" duration-ms="6304" started-at="2019-09-20T05:06:05Z" finished-at="2019-09-20T05:06:12Z">
      <class name="test.GlobalVariables">
        <test-method status="PASS" signature="login()[pri:0, instance:test.GlobalVariables@548a9f61]" name="login" duration-ms="6259" started-at="2019-09-20T10:36:06Z" finished-at="2019-09-20T10:36:12Z">
          <reporter-output>
          </reporter-output>
        </test-method> <!-- login -->
      </class> <!-- test.GlobalVariables -->
    </test> <!-- Default test -->
  </suite> <!-- Default suite -->
</testng-results>
